<?xml version="1.0" encoding="UTF-8"?>
<!-- Generated by org.testng.reporters.JUnitXMLReporter -->
<testsuite ignored="0" hostname="DESKTOP-OL1IA5J" failures="0" tests="6" name="Default test" time="11.392" errors="0" timestamp="2021-10-23T19:39:43 CDT">
  <testcase classname="files.DynamicJson" name="addBook" time="3.412"/>
  <testcase classname="files.DynamicJson" name="addBook" time="1.79"/>
  <testcase classname="files.DynamicJson" name="addBook" time="1.682"/>
  <testcase classname="files.DynamicJson" name="deleteBook" time="1.836"/>
  <testcase classname="files.DynamicJson" name="deleteBook" time="1.346"/>
  <testcase classname="files.DynamicJson" name="deleteBook" time="1.283"/>
</testsuite> <!-- Default test -->
