<?xml version="1.0" encoding="UTF-8"?>
<testng-results ignored="0" total="6" passed="6" failed="0" skipped="0">
  <reporter-output>
  </reporter-output>
  <suite started-at="2021-10-23T19:39:32 CDT" name="Default suite" finished-at="2021-10-23T19:39:43 CDT" duration-ms="11392">
    <groups>
    </groups>
    <test started-at="2021-10-23T19:39:32 CDT" name="Default test" finished-at="2021-10-23T19:39:43 CDT" duration-ms="11392">
      <class name="files.DynamicJson">
        <test-method signature="addBook(java.lang.String,java.lang.String)[pri:0, instance:files.DynamicJson@6d2a209c]" started-at="2021-10-23T19:39:32 CDT" name="addBook" data-provider="BooksDetails" finished-at="2021-10-23T19:39:35 CDT" duration-ms="3412" status="PASS">
          <params>
            <param index="0">
              <value>
                <![CDATA[qoiuweih]]>
              </value>
            </param>
            <param index="1">
              <value>
                <![CDATA[123443165]]>
              </value>
            </param>
          </params>
          <reporter-output>
          </reporter-output>
        </test-method> <!-- addBook -->
        <test-method signature="addBook(java.lang.String,java.lang.String)[pri:0, instance:files.DynamicJson@6d2a209c]" started-at="2021-10-23T19:39:35 CDT" name="addBook" data-provider="BooksDetails" finished-at="2021-10-23T19:39:37 CDT" duration-ms="1790" status="PASS">
          <params>
            <param index="0">
              <value>
                <![CDATA[asdrry]]>
              </value>
            </param>
            <param index="1">
              <value>
                <![CDATA[4367452]]>
              </value>
            </param>
          </params>
          <reporter-output>
          </reporter-output>
        </test-method> <!-- addBook -->
        <test-method signature="addBook(java.lang.String,java.lang.String)[pri:0, instance:files.DynamicJson@6d2a209c]" started-at="2021-10-23T19:39:37 CDT" name="addBook" data-provider="BooksDetails" finished-at="2021-10-23T19:39:38 CDT" duration-ms="1682" status="PASS">
          <params>
            <param index="0">
              <value>
                <![CDATA[poiuoiyu]]>
              </value>
            </param>
            <param index="1">
              <value>
                <![CDATA[45676654]]>
              </value>
            </param>
          </params>
          <reporter-output>
          </reporter-output>
        </test-method> <!-- addBook -->
        <test-method signature="deleteBook(java.lang.String,java.lang.String)[pri:0, instance:files.DynamicJson@6d2a209c]" started-at="2021-10-23T19:39:38 CDT" name="deleteBook" data-provider="BooksDetails" finished-at="2021-10-23T19:39:40 CDT" duration-ms="1836" status="PASS">
          <params>
            <param index="0">
              <value>
                <![CDATA[qoiuweih]]>
              </value>
            </param>
            <param index="1">
              <value>
                <![CDATA[123443165]]>
              </value>
            </param>
          </params>
          <reporter-output>
          </reporter-output>
        </test-method> <!-- deleteBook -->
        <test-method signature="deleteBook(java.lang.String,java.lang.String)[pri:0, instance:files.DynamicJson@6d2a209c]" started-at="2021-10-23T19:39:40 CDT" name="deleteBook" data-provider="BooksDetails" finished-at="2021-10-23T19:39:42 CDT" duration-ms="1346" status="PASS">
          <params>
            <param index="0">
              <value>
                <![CDATA[asdrry]]>
              </value>
            </param>
            <param index="1">
              <value>
                <![CDATA[4367452]]>
              </value>
            </param>
          </params>
          <reporter-output>
          </reporter-output>
        </test-method> <!-- deleteBook -->
        <test-method signature="deleteBook(java.lang.String,java.lang.String)[pri:0, instance:files.DynamicJson@6d2a209c]" started-at="2021-10-23T19:39:42 CDT" name="deleteBook" data-provider="BooksDetails" finished-at="2021-10-23T19:39:43 CDT" duration-ms="1283" status="PASS">
          <params>
            <param index="0">
              <value>
                <![CDATA[poiuoiyu]]>
              </value>
            </param>
            <param index="1">
              <value>
                <![CDATA[45676654]]>
              </value>
            </param>
          </params>
          <reporter-output>
          </reporter-output>
        </test-method> <!-- deleteBook -->
      </class> <!-- files.DynamicJson -->
    </test> <!-- Default test -->
  </suite> <!-- Default suite -->
</testng-results>
